Unity Editor version:    2021.3.29f1c1 (0b77087ad835)
Branch:                  2021.3/china_unity/release
Build type:              Release
Batch mode:              YES
macOS version:           Version 12.6.3 (Build 21G419)
Darwin version:          21.6.0
Architecture:            arm64
Running under Rosetta:   NO
Available memory:        16384 MB
Using pre-set license
Pro License: YES

COMMAND LINE ARGUMENTS:
/Applications/Unity/Hub/Editor/2021.3.29f1c1/Unity.app/Contents/MacOS/Unity
-adb2
-batchMode
-noUpm
-name
AssetImportWorker0
-projectPath
/Users/zealotsean/Documents/GitHub/BOOOMpolo/MeowDice
-logFile
Logs/AssetImportWorker0.log
-srvPort
49659
Successfully changed project path to: /Users/zealotsean/Documents/GitHub/BOOOMpolo/MeowDice
/Users/zealotsean/Documents/GitHub/BOOOMpolo/MeowDice
[UnityMemory] Configuration Parameters - Can be set up in boot.config
    "memorysetup-bucket-allocator-granularity=16"
    "memorysetup-bucket-allocator-bucket-count=8"
    "memorysetup-bucket-allocator-block-size=33554432"
    "memorysetup-bucket-allocator-block-count=8"
    "memorysetup-main-allocator-block-size=16777216"
    "memorysetup-thread-allocator-block-size=16777216"
    "memorysetup-gfx-main-allocator-block-size=16777216"
    "memorysetup-gfx-thread-allocator-block-size=16777216"
    "memorysetup-cache-allocator-block-size=4194304"
    "memorysetup-typetree-allocator-block-size=2097152"
    "memorysetup-profiler-bucket-allocator-granularity=16"
    "memorysetup-profiler-bucket-allocator-bucket-count=8"
    "memorysetup-profiler-bucket-allocator-block-size=33554432"
    "memorysetup-profiler-bucket-allocator-block-count=8"
    "memorysetup-profiler-allocator-block-size=16777216"
    "memorysetup-profiler-editor-allocator-block-size=1048576"
    "memorysetup-temp-allocator-size-main=16777216"
    "memorysetup-job-temp-allocator-block-size=2097152"
    "memorysetup-job-temp-allocator-block-size-background=1048576"
    "memorysetup-job-temp-allocator-reduction-small-platforms=262144"
    "memorysetup-temp-allocator-size-background-worker=32768"
    "memorysetup-temp-allocator-size-job-worker=262144"
    "memorysetup-temp-allocator-size-preload-manager=33554432"
    "memorysetup-temp-allocator-size-nav-mesh-worker=65536"
    "memorysetup-temp-allocator-size-audio-worker=65536"
    "memorysetup-temp-allocator-size-cloud-worker=32768"
    "memorysetup-temp-allocator-size-gi-baking-worker=262144"
    "memorysetup-temp-allocator-size-gfx=262144"
Player connection [4475078016] Host "[IP] 192.168.31.244 [Port] 0 [Flags] 2 [Guid] 1326236536 [EditorId] 1326236536 [Version] 1048832 [Id] OSXEditor(0,ZeaLotSeandeMacBook-Pro.local) [Debug] 1 [PackageName] OSXEditor [ProjectName] Editor" joined multi-casting on [225.0.0.222:54997]...

Player connection [4475078016] Host "[IP] 192.168.31.244 [Port] 0 [Flags] 2 [Guid] 1326236536 [EditorId] 1326236536 [Version] 1048832 [Id] OSXEditor(0,ZeaLotSeandeMacBook-Pro.local) [Debug] 1 [PackageName] OSXEditor [ProjectName] Editor" joined alternative multi-casting on [225.0.0.222:34997]...

AS: AutoStreaming module initializing.
Refreshing native plugins compatible for Editor in 83.40 ms, found 3 plugins.
Preloading 0 native plugins for Editor in 0.00 ms.
Initialize engine version: 2021.3.29f1c1 (0b77087ad835)
[Subsystems] Discovering subsystems at path /Applications/Unity/Hub/Editor/2021.3.29f1c1/Unity.app/Contents/Resources/UnitySubsystems
[Subsystems] Discovering subsystems at path /Users/zealotsean/Documents/GitHub/BOOOMpolo/MeowDice/Assets
GfxDevice: creating device client; threaded=0; jobified=0
 preferred device: Apple M1 Pro (high power)
Metal devices available: 1
0: Apple M1 Pro (high power)
Using device Apple M1 Pro (high power)
Initializing Metal device caps: Apple M1 Pro
Initialize mono
Mono path[0] = '/Applications/Unity/Hub/Editor/2021.3.29f1c1/Unity.app/Contents/Managed'
Mono path[1] = '/Applications/Unity/Hub/Editor/2021.3.29f1c1/Unity.app/Contents/MonoBleedingEdge/lib/mono/unityjit-macos'
Mono config path = '/Applications/Unity/Hub/Editor/2021.3.29f1c1/Unity.app/Contents/MonoBleedingEdge/etc'
Using monoOptions --debugger-agent=transport=dt_socket,embedding=1,server=y,suspend=n,address=127.0.0.1:56625
Begin MonoManager ReloadAssembly
Registering precompiled unity dll's ...
Register platform support module: /Applications/Unity/Hub/Editor/2021.3.29f1c1/Unity.app/Contents/PlaybackEngines/MacStandaloneSupport/UnityEditor.OSXStandalone.Extensions.dll
Registered in 0.002317 seconds.
Native extension for OSXStandalone target not found
Refreshing native plugins compatible for Editor in 75.69 ms, found 3 plugins.
Preloading 0 native plugins for Editor in 0.00 ms.
Mono: successfully reloaded assembly
- Completed reload, in  0.438 seconds
Domain Reload Profiling:
	ReloadAssembly (438ms)
		BeginReloadAssembly (77ms)
			ExecutionOrderSort (0ms)
			DisableScriptedObjects (0ms)
			BackupInstance (0ms)
			ReleaseScriptingObjects (0ms)
			CreateAndSetChildDomain (1ms)
		EndReloadAssembly (300ms)
			LoadAssemblies (78ms)
			RebuildTransferFunctionScriptingTraits (0ms)
			SetupTypeCache (70ms)
			ReleaseScriptCaches (0ms)
			RebuildScriptCaches (20ms)
			SetupLoadedEditorAssemblies (181ms)
				LogAssemblyErrors (0ms)
				InitializePlatformSupportModulesInManaged (4ms)
				SetLoadedEditorAssemblies (0ms)
				RefreshPlugins (76ms)
				BeforeProcessingInitializeOnLoad (1ms)
				ProcessInitializeOnLoadAttributes (74ms)
				ProcessInitializeOnLoadMethodAttributes (26ms)
				AfterProcessingInitializeOnLoad (0ms)
				EditorAssembliesLoaded (0ms)
			ExecutionOrderSort2 (0ms)
			AwakeInstancesAfterBackupRestoration (0ms)
Platform modules already initialized, skipping
Registering precompiled user dll's ...
Registered in 0.005365 seconds.
Begin MonoManager ReloadAssembly
Symbol file LoadedFromMemory doesn't match image /Users/zealotsean/Documents/GitHub/BOOOMpolo/MeowDice/Library/PackageCache/com.unity.visualscripting@1.8.0/Editor/VisualScripting.Core/Dependencies/YamlDotNet/Unity.VisualScripting.YamlDotNet.dll
Symbol file LoadedFromMemory doesn't match image /Users/zealotsean/Documents/GitHub/BOOOMpolo/MeowDice/Library/PackageCache/com.unity.visualscripting@1.8.0/Editor/VisualScripting.Core/Dependencies/DotNetZip/Unity.VisualScripting.IonicZip.dll
Native extension for OSXStandalone target not found
Refreshing native plugins compatible for Editor in 71.24 ms, found 3 plugins.
Preloading 0 native plugins for Editor in 0.00 ms.
Mono: successfully reloaded assembly
- Completed reload, in  0.689 seconds
Domain Reload Profiling:
	ReloadAssembly (689ms)
		BeginReloadAssembly (64ms)
			ExecutionOrderSort (0ms)
			DisableScriptedObjects (3ms)
			BackupInstance (0ms)
			ReleaseScriptingObjects (0ms)
			CreateAndSetChildDomain (13ms)
		EndReloadAssembly (557ms)
			LoadAssemblies (58ms)
			RebuildTransferFunctionScriptingTraits (0ms)
			SetupTypeCache (149ms)
			ReleaseScriptCaches (0ms)
			RebuildScriptCaches (40ms)
			SetupLoadedEditorAssemblies (284ms)
				LogAssemblyErrors (0ms)
				InitializePlatformSupportModulesInManaged (2ms)
				SetLoadedEditorAssemblies (0ms)
				RefreshPlugins (71ms)
				BeforeProcessingInitializeOnLoad (61ms)
				ProcessInitializeOnLoadAttributes (124ms)
				ProcessInitializeOnLoadMethodAttributes (26ms)
				AfterProcessingInitializeOnLoad (1ms)
				EditorAssembliesLoaded (0ms)
			ExecutionOrderSort2 (0ms)
			AwakeInstancesAfterBackupRestoration (2ms)
Platform modules already initialized, skipping
========================================================================
Worker process is ready to serve import requests
Launching external process: /Applications/Unity/Hub/Editor/2021.3.29f1c1/Unity.app/Contents/Tools/UnityShaderCompiler
Launched and connected shader compiler UnityShaderCompiler after 0.12 seconds
Refreshing native plugins compatible for Editor in 0.32 ms, found 3 plugins.
Preloading 0 native plugins for Editor in 0.00 ms.
Unloading 3793 Unused Serialized files (Serialized files now loaded: 0)
Unloading 35 unused Assets / (40.2 KB). Loaded Objects now: 4253.
Memory consumption went from 138.3 MB to 138.3 MB.
Total: 2.571959 ms (FindLiveObjects: 0.124458 ms CreateObjectMapping: 0.044583 ms MarkObjects: 2.358250 ms  DeleteObjects: 0.044042 ms)

AssetImportParameters requested are different than current active one (requested -> active):
  custom:video-decoder-ogg-theora: a1e56fd34408186e4bbccfd4996cb3dc -> 
  custom:container-muxer-webm: aa71ff27fc2769a1b78a27578f13a17b -> 
  custom:container-demuxer-webm: 4f35f7cbe854078d1ac9338744f61a02 -> 
  custom:video-encoder-webm-vp8: eb34c28f22e8b96e1ab97ce403110664 -> 
  custom:framework-osx-AVFoundation: e770b220cccbd017edd2c1fefb359320 -> 
  custom:CustomObjectIndexerAttribute: bc11b3a6c3213fcdd17b65e7da85e133 -> 
  custom:audio-encoder-webm-vorbis: bf7c407c2cedff20999df2af8eb42d56 -> 
  custom:container-demuxer-ogg: 62fdf1f143b41e24485cea50d1cbac27 -> 
  custom:video-decoder-webm-vp8: 9c59270c3fd7afecdb556c50c9e8de78 -> 
  custom:audio-decoder-ogg-vorbis: bf7c407c2cedff20999df2af8eb42d56 -> 
========================================================================
Received Import Request.
  Time since last request: 162391.009721 seconds.
  path: Assets/Scenes
  artifactKey: Guid(45cce808c50b048a4858a0053d55f5bc) Importer(815301076,1909f56bfc062723c751e8b465ee728b)
Start importing Assets/Scenes using Guid(45cce808c50b048a4858a0053d55f5bc) Importer(815301076,1909f56bfc062723c751e8b465ee728b)  -> (artifact id: '2249ab1d00cdabdab7dbee7a47d8ac1d') in 0.005341 seconds 
========================================================================
Received Import Request.
  Time since last request: 14.590764 seconds.
  path: Assets/New Folder
  artifactKey: Guid(bc5e968db241940269add49e36f47088) Importer(815301076,1909f56bfc062723c751e8b465ee728b)
Start importing Assets/New Folder using Guid(bc5e968db241940269add49e36f47088) Importer(815301076,1909f56bfc062723c751e8b465ee728b)  -> (artifact id: 'e96d125db4d657c2c18177b65f35b2d9') in 0.000808 seconds 
========================================================================
Received Import Request.
  Time since last request: 30.240163 seconds.
  path: Assets/_Sc
  artifactKey: Guid(bc5e968db241940269add49e36f47088) Importer(815301076,1909f56bfc062723c751e8b465ee728b)
Start importing Assets/_Sc using Guid(bc5e968db241940269add49e36f47088) Importer(815301076,1909f56bfc062723c751e8b465ee728b)  -> (artifact id: 'a4ce3b97f122739ef7a79af1a487b95e') in 0.001080 seconds 
========================================================================
Received Import Request.
  Time since last request: 9.182987 seconds.
  path: Assets/_Scripts
  artifactKey: Guid(bc5e968db241940269add49e36f47088) Importer(815301076,1909f56bfc062723c751e8b465ee728b)
Start importing Assets/_Scripts using Guid(bc5e968db241940269add49e36f47088) Importer(815301076,1909f56bfc062723c751e8b465ee728b)  -> (artifact id: '2357d601c61eb4b8467d38f0df943e80') in 0.000705 seconds 
========================================================================
Received Import Request.
  Time since last request: 864.401537 seconds.
  path: Assets/_Scripts/Engine
  artifactKey: Guid(410f9d5771f484c299b602cc6cf44837) Importer(815301076,1909f56bfc062723c751e8b465ee728b)
Start importing Assets/_Scripts/Engine using Guid(410f9d5771f484c299b602cc6cf44837) Importer(815301076,1909f56bfc062723c751e8b465ee728b)  -> (artifact id: '69cb149e0887f72d128e75b37e9b09e7') in 0.000866 seconds 
========================================================================
Received Import Request.
  Time since last request: 10.621538 seconds.
  path: Assets/_Scripts/Gameplay
  artifactKey: Guid(053ec468dcb8d491880ee4b75b01f326) Importer(815301076,1909f56bfc062723c751e8b465ee728b)
Start importing Assets/_Scripts/Gameplay using Guid(053ec468dcb8d491880ee4b75b01f326) Importer(815301076,1909f56bfc062723c751e8b465ee728b)  -> (artifact id: '51ba6cae857fb9b59f1803d91bb7d065') in 0.001150 seconds 
========================================================================
Received Import Request.
  Time since last request: 151.081814 seconds.
  path: Assets/_Scripts/Engine/Singleton
  artifactKey: Guid(741dbb5e072d045829bc638dd5d2ea34) Importer(815301076,1909f56bfc062723c751e8b465ee728b)
Start importing Assets/_Scripts/Engine/Singleton using Guid(741dbb5e072d045829bc638dd5d2ea34) Importer(815301076,1909f56bfc062723c751e8b465ee728b)  -> (artifact id: '9596f67d82bd3f0f1d177c8cc87d65a6') in 0.001911 seconds 
========================================================================
Received Import Request.
  Time since last request: 14215.037265 seconds.
  path: Assets/_Scripts/Engine/Singleton/Singleton.cs
  artifactKey: Guid(7c6317da8f6cd4f68bce185d6bc9b672) Importer(815301076,1909f56bfc062723c751e8b465ee728b)
Start importing Assets/_Scripts/Engine/Singleton/Singleton.cs using Guid(7c6317da8f6cd4f68bce185d6bc9b672) Importer(815301076,1909f56bfc062723c751e8b465ee728b)  -> (artifact id: '34a6c35f2933d1a1576b5f06f9566558') in 0.175780 seconds 
========================================================================
Received Import Request.
  Time since last request: 224.790826 seconds.
  path: Assets/Scenes/SampleScene.unity
  artifactKey: Guid(2cda990e2423bbf4892e6590ba056729) Importer(2089858483,0ecaa5967403d082aa24f35e1b516d23)
Start importing Assets/Scenes/SampleScene.unity using Guid(2cda990e2423bbf4892e6590ba056729) Importer(2089858483,0ecaa5967403d082aa24f35e1b516d23)  -> (artifact id: '65306dc8bf506b2e7ac48a16c6dcb44a') in 0.064744 seconds 
========================================================================
Received Import Request.
  Time since last request: 0.000083 seconds.
  path: Assets/_Scripts/Engine/Singleton/UnitySingleton.cs
  artifactKey: Guid(d19edcdaeae734b39a59e641f4fe3786) Importer(2089858483,0ecaa5967403d082aa24f35e1b516d23)
Start importing Assets/_Scripts/Engine/Singleton/UnitySingleton.cs using Guid(d19edcdaeae734b39a59e641f4fe3786) Importer(2089858483,0ecaa5967403d082aa24f35e1b516d23)  -> (artifact id: 'ac8397dd26fc9bc47d0e80391e669256') in 0.031452 seconds 
========================================================================
Received Import Request.
  Time since last request: 0.001170 seconds.
  path: Assets/_Scripts/Engine/Singleton/TSingletoncs.cs
  artifactKey: Guid(a39b53421b50a46d3bc83b0db314cb4b) Importer(2089858483,0ecaa5967403d082aa24f35e1b516d23)
Start importing Assets/_Scripts/Engine/Singleton/TSingletoncs.cs using Guid(a39b53421b50a46d3bc83b0db314cb4b) Importer(2089858483,0ecaa5967403d082aa24f35e1b516d23)  -> (artifact id: 'd20430b6ae8ebc5655dcf59b72cb6d57') in 0.003253 seconds 
========================================================================
Received Prepare
Refreshing native plugins compatible for Editor in 6.13 ms, found 3 plugins.
Preloading 0 native plugins for Editor in 0.00 ms.
Unloading 25 Unused Serialized files (Serialized files now loaded: 0)
Unloading 22 unused Assets / (21.9 KB). Loaded Objects now: 4256.
Memory consumption went from 65.7 MB to 65.7 MB.
Total: 6.967750 ms (FindLiveObjects: 0.150791 ms CreateObjectMapping: 0.045459 ms MarkObjects: 6.551125 ms  DeleteObjects: 0.219958 ms)

AssetImportParameters requested are different than current active one (requested -> active):
  custom:video-decoder-ogg-theora: a1e56fd34408186e4bbccfd4996cb3dc -> 
  custom:container-muxer-webm: aa71ff27fc2769a1b78a27578f13a17b -> 
  custom:container-demuxer-webm: 4f35f7cbe854078d1ac9338744f61a02 -> 
  custom:video-encoder-webm-vp8: eb34c28f22e8b96e1ab97ce403110664 -> 
  custom:framework-osx-AVFoundation: e770b220cccbd017edd2c1fefb359320 -> 
  custom:CustomObjectIndexerAttribute: bc11b3a6c3213fcdd17b65e7da85e133 -> 
  custom:audio-encoder-webm-vorbis: bf7c407c2cedff20999df2af8eb42d56 -> 
  custom:SearchIndexIgnoredProperties: e643bd26f0fe6173181afceb89e7c659 -> 
  custom:container-demuxer-ogg: 62fdf1f143b41e24485cea50d1cbac27 -> 
  custom:video-decoder-webm-vp8: 9c59270c3fd7afecdb556c50c9e8de78 -> 
  custom:audio-decoder-ogg-vorbis: bf7c407c2cedff20999df2af8eb42d56 -> 
========================================================================
Received Import Request.
  Time since last request: 84.242567 seconds.
  path: Assets/_Scripts/Engine/Singleton/Singleton.cs
  artifactKey: Guid(7c6317da8f6cd4f68bce185d6bc9b672) Importer(815301076,1909f56bfc062723c751e8b465ee728b)
Start importing Assets/_Scripts/Engine/Singleton/Singleton.cs using Guid(7c6317da8f6cd4f68bce185d6bc9b672) Importer(815301076,1909f56bfc062723c751e8b465ee728b)  -> (artifact id: '095a2a745cc397248b087caeed290391') in 0.001298 seconds 
========================================================================
Received Import Request.
  Time since last request: 0.866224 seconds.
  path: Assets/_Scripts/Engine/Singleton/TSingletoncs.cs
  artifactKey: Guid(a39b53421b50a46d3bc83b0db314cb4b) Importer(2089858483,0ecaa5967403d082aa24f35e1b516d23)
Start importing Assets/_Scripts/Engine/Singleton/TSingletoncs.cs using Guid(a39b53421b50a46d3bc83b0db314cb4b) Importer(2089858483,0ecaa5967403d082aa24f35e1b516d23)  -> (artifact id: 'aa4ce048cdff48e150b803bf55ec66f3') in 0.005307 seconds 
========================================================================
Received Import Request.
  Time since last request: 0.000092 seconds.
  path: Assets/_Scripts/Engine/Singleton/Singleton.cs
  artifactKey: Guid(7c6317da8f6cd4f68bce185d6bc9b672) Importer(2089858483,0ecaa5967403d082aa24f35e1b516d23)
Start importing Assets/_Scripts/Engine/Singleton/Singleton.cs using Guid(7c6317da8f6cd4f68bce185d6bc9b672) Importer(2089858483,0ecaa5967403d082aa24f35e1b516d23)  -> (artifact id: '841ade129ede0e053a305fd72b8d00f0') in 0.002793 seconds 
========================================================================
Received Prepare
Registering precompiled user dll's ...
Registered in 0.001426 seconds.
Begin MonoManager ReloadAssembly
Thread 0x2a8aab000 may have been prematurely finalized
Symbol file LoadedFromMemory doesn't match image /Users/zealotsean/Documents/GitHub/BOOOMpolo/MeowDice/Library/PackageCache/com.unity.visualscripting@1.8.0/Editor/VisualScripting.Core/Dependencies/YamlDotNet/Unity.VisualScripting.YamlDotNet.dll
Symbol file LoadedFromMemory doesn't match image /Users/zealotsean/Documents/GitHub/BOOOMpolo/MeowDice/Library/PackageCache/com.unity.visualscripting@1.8.0/Editor/VisualScripting.Core/Dependencies/DotNetZip/Unity.VisualScripting.IonicZip.dll
Native extension for OSXStandalone target not found
Refreshing native plugins compatible for Editor in 0.35 ms, found 3 plugins.
Preloading 0 native plugins for Editor in 0.00 ms.
Mono: successfully reloaded assembly
- Completed reload, in  0.591 seconds
Domain Reload Profiling:
	ReloadAssembly (592ms)
		BeginReloadAssembly (103ms)
			ExecutionOrderSort (0ms)
			DisableScriptedObjects (13ms)
			BackupInstance (0ms)
			ReleaseScriptingObjects (0ms)
			CreateAndSetChildDomain (38ms)
		EndReloadAssembly (435ms)
			LoadAssemblies (48ms)
			RebuildTransferFunctionScriptingTraits (0ms)
			SetupTypeCache (151ms)
			ReleaseScriptCaches (1ms)
			RebuildScriptCaches (29ms)
			SetupLoadedEditorAssemblies (184ms)
				LogAssemblyErrors (0ms)
				InitializePlatformSupportModulesInManaged (2ms)
				SetLoadedEditorAssemblies (0ms)
				RefreshPlugins (0ms)
				BeforeProcessingInitializeOnLoad (41ms)
				ProcessInitializeOnLoadAttributes (119ms)
				ProcessInitializeOnLoadMethodAttributes (21ms)
				AfterProcessingInitializeOnLoad (1ms)
				EditorAssembliesLoaded (0ms)
			ExecutionOrderSort2 (0ms)
			AwakeInstancesAfterBackupRestoration (2ms)
Platform modules already initialized, skipping
Refreshing native plugins compatible for Editor in 1.36 ms, found 3 plugins.
Preloading 0 native plugins for Editor in 0.00 ms.
Unloading 3785 Unused Serialized files (Serialized files now loaded: 0)
Unloading 22 unused Assets / (22.0 KB). Loaded Objects now: 4259.
Memory consumption went from 141.4 MB to 141.4 MB.
Total: 2.340625 ms (FindLiveObjects: 0.100458 ms CreateObjectMapping: 0.042417 ms MarkObjects: 2.170958 ms  DeleteObjects: 0.026583 ms)

AssetImportParameters requested are different than current active one (requested -> active):
  custom:video-decoder-ogg-theora: a1e56fd34408186e4bbccfd4996cb3dc -> 
  custom:container-muxer-webm: aa71ff27fc2769a1b78a27578f13a17b -> 
  custom:container-demuxer-webm: 4f35f7cbe854078d1ac9338744f61a02 -> 
  custom:video-encoder-webm-vp8: eb34c28f22e8b96e1ab97ce403110664 -> 
  custom:framework-osx-AVFoundation: e770b220cccbd017edd2c1fefb359320 -> 
  custom:CustomObjectIndexerAttribute: bc11b3a6c3213fcdd17b65e7da85e133 -> 
  custom:audio-encoder-webm-vorbis: bf7c407c2cedff20999df2af8eb42d56 -> 
  custom:SearchIndexIgnoredProperties: e643bd26f0fe6173181afceb89e7c659 -> 
  custom:container-demuxer-ogg: 62fdf1f143b41e24485cea50d1cbac27 -> 
  custom:video-decoder-webm-vp8: 9c59270c3fd7afecdb556c50c9e8de78 -> 
  custom:audio-decoder-ogg-vorbis: bf7c407c2cedff20999df2af8eb42d56 -> 
========================================================================
Received Import Request.
  Time since last request: 3988.126451 seconds.
  path: Assets/Prefab
  artifactKey: Guid(2a7c4a576bdb8441c9124e53dc804a0e) Importer(815301076,1909f56bfc062723c751e8b465ee728b)
Start importing Assets/Prefab using Guid(2a7c4a576bdb8441c9124e53dc804a0e) Importer(815301076,1909f56bfc062723c751e8b465ee728b)  -> (artifact id: '2dbd478eada0f68911d4e7b7c5f46f9c') in 0.024204 seconds 
========================================================================
Received Import Request.
  Time since last request: 4.683557 seconds.
  path: Assets/Prefabs
  artifactKey: Guid(2a7c4a576bdb8441c9124e53dc804a0e) Importer(815301076,1909f56bfc062723c751e8b465ee728b)
Start importing Assets/Prefabs using Guid(2a7c4a576bdb8441c9124e53dc804a0e) Importer(815301076,1909f56bfc062723c751e8b465ee728b)  -> (artifact id: 'f9d2d736322933d719ead8b63b281526') in 0.001462 seconds 
